{"name": "select side nav filter", "status": "failed", "statusDetails": {"message": "AssertionError\n", "trace": "  File \"/home/zeufack/Documents/programming/python/test_carrefour/lib/python3.7/site-packages/behave/model.py\", line 1329, in run\n    match.run(runner.context)\n  File \"/home/zeufack/Documents/programming/python/test_carrefour/lib/python3.7/site-packages/behave/matchers.py\", line 98, in run\n    self.func(context, *args, **kwargs)\n  File \"features/steps/side_filter.py\", line 18, in step_impl\n    assert context.scroll_error.listen_to_scroll() is False\n"}, "steps": [{"name": "Given navigate to carrefour bio website sidenav", "status": "passed", "start": 1620213017175, "stop": 1620213027802}, {"name": "When select the sidenav filter", "status": "passed", "start": 1620213027803, "stop": 1620213028093}, {"name": "Then the page shoul not scroll to top", "status": "failed", "statusDetails": {"message": "AssertionError\n", "trace": "  File \"/home/zeufack/Documents/programming/python/test_carrefour/lib/python3.7/site-packages/behave/model.py\", line 1329, in run\n    match.run(runner.context)\n  File \"/home/zeufack/Documents/programming/python/test_carrefour/lib/python3.7/site-packages/behave/matchers.py\", line 98, in run\n    self.func(context, *args, **kwargs)\n  File \"features/steps/side_filter.py\", line 18, in step_impl\n    assert context.scroll_error.listen_to_scroll() is False\n"}, "start": 1620213028093, "stop": 1620213028367}], "start": 1620213017172, "stop": 1620213028367, "uuid": "87aed13d-dc46-4b9d-804f-2949662386e4", "historyId": "a4310454b489cc1a31f46c9e29cc44e8", "fullName": "Side Filter: select side nav filter", "labels": [{"name": "severity", "value": "normal"}, {"name": "tag", "value": "chrome"}, {"name": "feature", "value": "Side Filter"}, {"name": "framework", "value": "behave"}, {"name": "language", "value": "cpython3"}]}